This is pdfTeX, Version 3.141592653-2.6-1.40.24 (MiKTeX 22.1) (preloaded format=pdflatex 2023.11.28)  4 DEC 2023 23:14
entering extended mode
 restricted \write18 enabled.
 file:line:error style messages enabled.
 %&-line parsing enabled.
**"/Users/mauro/Library/CloudStorage/OneDrive-ThePennsylvaniaStateUniversity/AERSP 508/Project 2.tex"
(/Users/mauro/Library/CloudStorage/OneDrive-ThePennsylvaniaStateUniversity/AERSP 508/Project 2.tex
LaTeX2e <2023-11-01>
L3 programming layer <2023-11-09>

! LaTeX Error: File `new-aiaa.cls' not found.

Type X to quit or <RETURN> to proceed,
or enter new name. (Default extension: cls)

Enter file name: 
/Users/mauro/Library/CloudStorage/OneDrive-ThePennsylvaniaStateUniversity/AERSP 508/Project 2.tex:3: Emergency stop.
<read *> 
         
l.3 \usepackage
               [utf8]{inputenc}^^M
*** (cannot \read from terminal in nonstop modes)

 
Here is how much of TeX's memory you used:
 23 strings out of 476521
 688 string characters out of 5795522
 1923555 words of memory out of 5000000
 22063 multiletter control sequences out of 15000+600000
 558069 words of font info for 36 fonts, out of 8000000 for 9000
 0 hyphenation exceptions out of 8191
 19i,0n,29p,161b,17s stack positions out of 10000i,1000n,20000p,200000b,200000s
/Users/mauro/Library/CloudStorage/OneDrive-ThePennsylvaniaStateUniversity/AERSP 508/Project 2.tex:3:  ==> Fatal error occurred, no output PDF file produced!
