This is pdfTeX, Version 3.141592653-2.6-1.40.24 (MiKTeX 22.1) (preloaded format=pdflatex 2023.11.28)  9 DEC 2023 19:14
entering extended mode
 restricted \write18 enabled.
 file:line:error style messages enabled.
 %&-line parsing enabled.
**"/Users/mauro/Library/CloudStorage/OneDrive-ThePennsylvaniaStateUniversity/AERSP 508/AERSP_508_Lectures/25/Lecture_25.tex"
(/Users/mauro/Library/CloudStorage/OneDrive-ThePennsylvaniaStateUniversity/AERSP 508/AERSP_508_Lectures/25/Lecture_25.tex
LaTeX2e <2023-11-01>
L3 programming layer <2023-11-09>
(/Users/mauro/Library/Application Support/MiKTeX/texmfs/install/tex/latex/base/article.cls
Document Class: article 2023/05/17 v1.4n Standard LaTeX document class
(/Users/mauro/Library/Application Support/MiKTeX/texmfs/install/tex/latex/base/size10.clo
File: size10.clo 2023/05/17 v1.4n Standard LaTeX file (size option)
)
\c@part=\count186
\c@section=\count187
\c@subsection=\count188
\c@subsubsection=\count189
\c@paragraph=\count190
\c@subparagraph=\count191
\c@figure=\count192
\c@table=\count193
\abovecaptionskip=\skip48
\belowcaptionskip=\skip49
\bibindent=\dimen140
) (/Library/Application Support/MiKTeX/texmfs/install/tex/latex/amsmath/amsmath.sty
Package: amsmath 2023/05/13 v2.17o AMS math features
\@mathmargin=\skip50

For additional information on amsmath, use the `?' option.
(/Library/Application Support/MiKTeX/texmfs/install/tex/latex/amsmath/amstext.sty
Package: amstext 2021/08/26 v2.01 AMS text
 (/Library/Application Support/MiKTeX/texmfs/install/tex/latex/amsmath/amsgen.sty
File: amsgen.sty 1999/11/30 v2.0 generic functions
\@emptytoks=\toks17
\ex@=\dimen141
)) (/Library/Application Support/MiKTeX/texmfs/install/tex/latex/amsmath/amsbsy.sty
Package: amsbsy 1999/11/29 v1.2d Bold Symbols
\pmbraise@=\dimen142
) (/Library/Application Support/MiKTeX/texmfs/install/tex/latex/amsmath/amsopn.sty
Package: amsopn 2022/04/08 v2.04 operator names
)
\inf@bad=\count194
LaTeX Info: Redefining \frac on input line 234.
\uproot@=\count195
\leftroot@=\count196
LaTeX Info: Redefining \overline on input line 399.
LaTeX Info: Redefining \colon on input line 410.
\classnum@=\count197
\DOTSCASE@=\count198
LaTeX Info: Redefining \ldots on input line 496.
LaTeX Info: Redefining \dots on input line 499.
LaTeX Info: Redefining \cdots on input line 620.
\Mathstrutbox@=\box51
\strutbox@=\box52
LaTeX Info: Redefining \big on input line 722.
LaTeX Info: Redefining \Big on input line 723.
LaTeX Info: Redefining \bigg on input line 724.
LaTeX Info: Redefining \Bigg on input line 725.
\big@size=\dimen143
LaTeX Font Info:    Redeclaring font encoding OML on input line 743.
LaTeX Font Info:    Redeclaring font encoding OMS on input line 744.
\macc@depth=\count199
LaTeX Info: Redefining \bmod on input line 905.
LaTeX Info: Redefining \pmod on input line 910.
LaTeX Info: Redefining \smash on input line 940.
LaTeX Info: Redefining \relbar on input line 970.
LaTeX Info: Redefining \Relbar on input line 971.
\c@MaxMatrixCols=\count266
\dotsspace@=\muskip16
\c@parentequation=\count267
\dspbrk@lvl=\count268
\tag@help=\toks18
\row@=\count269
\column@=\count270
\maxfields@=\count271
\andhelp@=\toks19
\eqnshift@=\dimen144
\alignsep@=\dimen145
\tagshift@=\dimen146
\tagwidth@=\dimen147
\totwidth@=\dimen148
\lineht@=\dimen149
\@envbody=\toks20
\multlinegap=\skip51
\multlinetaggap=\skip52
\mathdisplay@stack=\toks21
LaTeX Info: Redefining \[ on input line 2953.
LaTeX Info: Redefining \] on input line 2954.
) (/Users/mauro/Library/Application Support/MiKTeX/texmfs/install/tex/latex/amscls/amsthm.sty
Package: amsthm 2020/05/29 v2.20.6
\thm@style=\toks22
\thm@bodyfont=\toks23
\thm@headfont=\toks24
\thm@notefont=\toks25
\thm@headpunct=\toks26
\thm@preskip=\skip53
\thm@postskip=\skip54
\thm@headsep=\skip55
\dth@everypar=\toks27
) (/Library/Application Support/MiKTeX/texmfs/install/tex/latex/amsfonts/amssymb.sty
Package: amssymb 2013/01/14 v3.01 AMS font symbols
 (/Library/Application Support/MiKTeX/texmfs/install/tex/latex/amsfonts/amsfonts.sty
Package: amsfonts 2013/01/14 v3.01 Basic AMSFonts support
\symAMSa=\mathgroup4
\symAMSb=\mathgroup5
LaTeX Font Info:    Redeclaring math symbol \hbar on input line 98.
LaTeX Font Info:    Overwriting math alphabet `\mathfrak' in version `bold'
(Font)                  U/euf/m/n --> U/euf/b/n on input line 106.
)) (/Users/mauro/Library/Application Support/MiKTeX/texmfs/install/tex/latex/thmtools/thmtools.sty
Package: thmtools 2023/05/04 v0.76
\thmt@toks=\toks28
\c@thmt@dummyctr=\count272
 (/Users/mauro/Library/Application Support/MiKTeX/texmfs/install/tex/latex/thmtools/thm-patch.sty
Package: thm-patch 2023/05/04 v0.76
 (/Users/mauro/Library/Application Support/MiKTeX/texmfs/install/tex/latex/thmtools/parseargs.sty
Package: parseargs 2023/05/04 v0.76
\@parsespec=\toks29
)) (/Users/mauro/Library/Application Support/MiKTeX/texmfs/install/tex/latex/thmtools/thm-kv.sty
Package: thm-kv 2023/05/04 v0.76
Package thm-kv Info: Theorem names will be uppercased on input line 42.
 (/Library/Application Support/MiKTeX/texmfs/install/tex/latex/graphics/keyval.sty
Package: keyval 2022/05/29 v1.15 key=value parser (DPC)
\KV@toks@=\toks30
) (/Users/mauro/Library/Application Support/MiKTeX/texmfs/install/tex/latex/kvsetkeys/kvsetkeys.sty
Package: kvsetkeys 2022-10-05 v1.19 Key value parser (HO)
)
Package thm-kv Info: kvsetkeys patch (v1.16 or later) on input line 158.
) (/Users/mauro/Library/Application Support/MiKTeX/texmfs/install/tex/latex/thmtools/thm-autoref.sty
Package: thm-autoref 2023/05/04 v0.76
 (/Users/mauro/Library/Application Support/MiKTeX/texmfs/install/tex/latex/thmtools/aliasctr.sty
Package: aliasctr 2023/05/04 v0.76
)) (/Users/mauro/Library/Application Support/MiKTeX/texmfs/install/tex/latex/thmtools/thm-listof.sty
Package: thm-listof 2023/05/04 v0.76
) (/Users/mauro/Library/Application Support/MiKTeX/texmfs/install/tex/latex/thmtools/thm-restate.sty
Package: thm-restate 2023/05/04 v0.76
) (/Users/mauro/Library/Application Support/MiKTeX/texmfs/install/tex/latex/thmtools/thm-amsthm.sty
Package: thm-amsthm 2023/05/04 v0.76
\thmt@style@headstyle=\toks31
)) (/Library/Application Support/MiKTeX/texmfs/install/tex/latex/graphics/graphicx.sty
Package: graphicx 2021/09/16 v1.2d Enhanced LaTeX Graphics (DPC,SPQR)
 (/Library/Application Support/MiKTeX/texmfs/install/tex/latex/graphics/graphics.sty
Package: graphics 2022/03/10 v1.4e Standard LaTeX Graphics (DPC,SPQR)
 (/Library/Application Support/MiKTeX/texmfs/install/tex/latex/graphics/trig.sty
Package: trig 2021/08/11 v1.11 sin cos tan (DPC)
) (/Library/Application Support/MiKTeX/texmfs/install/tex/latex/graphics-cfg/graphics.cfg
File: graphics.cfg 2016/06/04 v1.11 sample graphics configuration
)
Package graphics Info: Driver file: pdftex.def on input line 107.
 (/Library/Application Support/MiKTeX/texmfs/install/tex/latex/graphics-def/pdftex.def
File: pdftex.def 2022/09/22 v1.2b Graphics/color driver for pdftex
))
\Gin@req@height=\dimen150
\Gin@req@width=\dimen151
) (/Users/mauro/Library/Application Support/MiKTeX/texmfs/install/tex/latex/setspace/setspace.sty
Package: setspace 2022/12/04 v6.7b set line spacing
) (/Users/mauro/Library/Application Support/MiKTeX/texmfs/install/tex/latex/geometry/geometry.sty
Package: geometry 2020/01/02 v5.9 Page Geometry
 (/Library/Application Support/MiKTeX/texmfs/install/tex/generic/iftex/ifvtex.sty
Package: ifvtex 2019/10/25 v1.7 ifvtex legacy package. Use iftex instead.
 (/Library/Application Support/MiKTeX/texmfs/install/tex/generic/iftex/iftex.sty
Package: iftex 2022/02/03 v1.0f TeX engine tests
))
\Gm@cnth=\count273
\Gm@cntv=\count274
\c@Gm@tempcnt=\count275
\Gm@bindingoffset=\dimen152
\Gm@wd@mp=\dimen153
\Gm@odd@mp=\dimen154
\Gm@even@mp=\dimen155
\Gm@layoutwidth=\dimen156
\Gm@layoutheight=\dimen157
\Gm@layouthoffset=\dimen158
\Gm@layoutvoffset=\dimen159
\Gm@dimlist=\toks32
 (/Users/mauro/Library/Application Support/MiKTeX/texmfs/install/tex/latex/geometry/geometry.cfg)) (/Users/mauro/Library/Application Support/MiKTeX/texmfs/install/tex/latex/float/float.sty
Package: float 2001/11/08 v1.3d Float enhancements (AL)
\c@float@type=\count276
\float@exts=\toks33
\float@box=\box53
\@float@everytoks=\toks34
\@floatcapt=\box54
) (/Library/Application Support/MiKTeX/texmfs/install/tex/latex/hyperref/hyperref.sty
Package: hyperref 2023-11-09 v7.01f Hypertext links for LaTeX
 (/Users/mauro/Library/Application Support/MiKTeX/texmfs/install/tex/generic/ltxcmds/ltxcmds.sty
Package: ltxcmds 2020-05-10 v1.25 LaTeX kernel commands for general use (HO)
) (/Library/Application Support/MiKTeX/texmfs/install/tex/generic/pdftexcmds/pdftexcmds.sty
Package: pdftexcmds 2020-06-27 v0.33 Utility functions of pdfTeX for LuaTeX (HO)
 (/Users/mauro/Library/Application Support/MiKTeX/texmfs/install/tex/generic/infwarerr/infwarerr.sty
Package: infwarerr 2019/12/03 v1.5 Providing info/warning/error messages (HO)
)
Package pdftexcmds Info: \pdf@primitive is available.
Package pdftexcmds Info: \pdf@ifprimitive is available.
Package pdftexcmds Info: \pdfdraftmode found.
) (/Users/mauro/Library/Application Support/MiKTeX/texmfs/install/tex/generic/kvdefinekeys/kvdefinekeys.sty
Package: kvdefinekeys 2019-12-19 v1.6 Define keys (HO)
) (/Users/mauro/Library/Application Support/MiKTeX/texmfs/install/tex/generic/pdfescape/pdfescape.sty
Package: pdfescape 2019/12/09 v1.15 Implements pdfTeX's escape features (HO)
) (/Users/mauro/Library/Application Support/MiKTeX/texmfs/install/tex/latex/hycolor/hycolor.sty
Package: hycolor 2020-01-27 v1.10 Color options for hyperref/bookmark (HO)
) (/Users/mauro/Library/Application Support/MiKTeX/texmfs/install/tex/latex/letltxmacro/letltxmacro.sty
Package: letltxmacro 2019/12/03 v1.6 Let assignment for LaTeX macros (HO)
) (/Users/mauro/Library/Application Support/MiKTeX/texmfs/install/tex/latex/auxhook/auxhook.sty
Package: auxhook 2019-12-17 v1.6 Hooks for auxiliary files (HO)
) (/Library/Application Support/MiKTeX/texmfs/install/tex/latex/hyperref/nameref.sty
Package: nameref 2023-11-09 v2.55 Cross-referencing by name of section
 (/Users/mauro/Library/Application Support/MiKTeX/texmfs/install/tex/latex/refcount/refcount.sty
Package: refcount 2019/12/15 v3.6 Data extraction from label references (HO)
) (/Users/mauro/Library/Application Support/MiKTeX/texmfs/install/tex/generic/gettitlestring/gettitlestring.sty
Package: gettitlestring 2019/12/15 v1.6 Cleanup title references (HO)
 (/Users/mauro/Library/Application Support/MiKTeX/texmfs/install/tex/latex/kvoptions/kvoptions.sty
Package: kvoptions 2022-06-15 v3.15 Key value format for package options (HO)
))
\c@section@level=\count277
) (/Library/Application Support/MiKTeX/texmfs/install/tex/latex/etoolbox/etoolbox.sty
Package: etoolbox 2020/10/05 v2.5k e-TeX tools for LaTeX (JAW)
\etb@tempcnta=\count278
)
\@linkdim=\dimen160
\Hy@linkcounter=\count279
\Hy@pagecounter=\count280
 (/Library/Application Support/MiKTeX/texmfs/install/tex/latex/hyperref/pd1enc.def
File: pd1enc.def 2023-11-09 v7.01f Hyperref: PDFDocEncoding definition (HO)
Now handling font encoding PD1 ...
... no UTF-8 mapping file for font encoding PD1
) (/Users/mauro/Library/Application Support/MiKTeX/texmfs/install/tex/generic/intcalc/intcalc.sty
Package: intcalc 2019/12/15 v1.3 Expandable calculations with integers (HO)
)
\Hy@SavedSpaceFactor=\count281
 (/Library/Application Support/MiKTeX/texmfs/install/tex/latex/hyperref/puenc.def
File: puenc.def 2023-11-09 v7.01f Hyperref: PDF Unicode definition (HO)
Now handling font encoding PU ...
... no UTF-8 mapping file for font encoding PU
)
Package hyperref Info: Option `colorlinks' set `true' on input line 4054.
Package hyperref Info: Hyper figures OFF on input line 4171.
Package hyperref Info: Link nesting OFF on input line 4176.
Package hyperref Info: Hyper index ON on input line 4179.
Package hyperref Info: Plain pages OFF on input line 4186.
Package hyperref Info: Backreferencing OFF on input line 4191.
Package hyperref Info: Implicit mode ON; LaTeX internals redefined.
Package hyperref Info: Bookmarks ON on input line 4438.
\c@Hy@tempcnt=\count282
 (/Library/Application Support/MiKTeX/texmfs/install/tex/latex/url/url.sty
\Urlmuskip=\muskip17
Package: url 2013/09/16  ver 3.4  Verb mode for urls, etc.
)
LaTeX Info: Redefining \url on input line 4776.
\XeTeXLinkMargin=\dimen161
 (/Users/mauro/Library/Application Support/MiKTeX/texmfs/install/tex/generic/bitset/bitset.sty
Package: bitset 2019/12/09 v1.3 Handle bit-vector datatype (HO)
 (/Users/mauro/Library/Application Support/MiKTeX/texmfs/install/tex/generic/bigintcalc/bigintcalc.sty
Package: bigintcalc 2019/12/15 v1.5 Expandable calculations on big integers (HO)
))
\Fld@menulength=\count283
\Field@Width=\dimen162
\Fld@charsize=\dimen163
Package hyperref Info: Hyper figures OFF on input line 6055.
Package hyperref Info: Link nesting OFF on input line 6060.
Package hyperref Info: Hyper index ON on input line 6063.
Package hyperref Info: backreferencing OFF on input line 6070.
Package hyperref Info: Link coloring ON on input line 6073.
Package hyperref Info: Link coloring with OCG OFF on input line 6080.
Package hyperref Info: PDF/A mode OFF on input line 6085.
 (/Users/mauro/Library/Application Support/MiKTeX/texmfs/install/tex/latex/base/atbegshi-ltx.sty
Package: atbegshi-ltx 2021/01/10 v1.0c Emulation of the original atbegshi
package with kernel methods
)
\Hy@abspage=\count284
\c@Item=\count285
\c@Hfootnote=\count286
)
Package hyperref Info: Driver (autodetected): hpdftex.
 (/Library/Application Support/MiKTeX/texmfs/install/tex/latex/hyperref/hpdftex.def
File: hpdftex.def 2023-11-09 v7.01f Hyperref driver for pdfTeX
 (/Users/mauro/Library/Application Support/MiKTeX/texmfs/install/tex/latex/base/atveryend-ltx.sty
Package: atveryend-ltx 2020/08/19 v1.0a Emulation of the original atveryend package
with kernel methods
)
\Fld@listcount=\count287
\c@bookmark@seq@number=\count288
 (/Users/mauro/Library/Application Support/MiKTeX/texmfs/install/tex/latex/rerunfilecheck/rerunfilecheck.sty
Package: rerunfilecheck 2022-07-10 v1.10 Rerun checks for auxiliary files (HO)
 (/Users/mauro/Library/Application Support/MiKTeX/texmfs/install/tex/generic/uniquecounter/uniquecounter.sty
Package: uniquecounter 2019/12/15 v1.4 Provide unlimited unique counter (HO)
)
Package uniquecounter Info: New unique counter `rerunfilecheck' on input line 285.
)
\Hy@SectionHShift=\skip56
) (/Users/mauro/Library/Application Support/MiKTeX/texmfs/install/tex/latex/cancel/cancel.sty
Package: cancel 2013/04/12 v2.2 Cancel math terms
) (/Users/mauro/Library/Application Support/MiKTeX/texmfs/install/tex/latex/base/inputenc.sty
Package: inputenc 2021/02/14 v1.3d Input encoding file
\inpenc@prehook=\toks35
\inpenc@posthook=\toks36
) (/Library/Application Support/MiKTeX/texmfs/install/tex/generic/babel/babel.sty
Package: babel 2023/11/11 v3.97 The Babel package
\babel@savecnt=\count289
\U@D=\dimen164
\l@unhyphenated=\language1
 (/Library/Application Support/MiKTeX/texmfs/install/tex/generic/babel/txtbabel.def)
\bbl@readstream=\read2
\bbl@dirlevel=\count290

*************************************
* Local config file bblopts.cfg used
*
(/Library/Application Support/MiKTeX/texmfs/install/tex/latex/arabi/bblopts.cfg
File: bblopts.cfg 2005/09/08 v0.1 add Arabic and Farsi to "declared" options of babel
) (/Library/Application Support/MiKTeX/texmfs/install/tex/latex/babel-english/english.ldf
Language: english 2017/06/06 v3.3r English support from the babel system
)) (/Library/Application Support/MiKTeX/texmfs/install/tex/generic/babel/locale/en/babel-english.tex
Package babel Info: Importing font and identification data for english
(babel)             from babel-en.ini. Reported on input line 11.
) (/Users/mauro/Library/Application Support/MiKTeX/texmfs/install/tex/latex/framed/framed.sty
Package: framed 2011/10/22 v 0.96: framed or shaded text with page breaks
\OuterFrameSep=\skip57
\fb@frw=\dimen165
\fb@frh=\dimen166
\FrameRule=\dimen167
\FrameSep=\dimen168
) (/Library/Application Support/MiKTeX/texmfs/install/tex/latex/xcolor/xcolor.sty
Package: xcolor 2023/11/15 v3.01 LaTeX color extensions (UK)
 (/Library/Application Support/MiKTeX/texmfs/install/tex/latex/graphics-cfg/color.cfg
File: color.cfg 2016/01/02 v1.6 sample color configuration
)
Package xcolor Info: Driver file: pdftex.def on input line 274.
 (/Library/Application Support/MiKTeX/texmfs/install/tex/latex/graphics/mathcolor.ltx)
Package xcolor Info: Model `cmy' substituted by `cmy0' on input line 1350.
Package xcolor Info: Model `hsb' substituted by `rgb' on input line 1354.
Package xcolor Info: Model `RGB' extended on input line 1366.
Package xcolor Info: Model `HTML' substituted by `rgb' on input line 1368.
Package xcolor Info: Model `Hsb' substituted by `hsb' on input line 1369.
Package xcolor Info: Model `tHsb' substituted by `hsb' on input line 1370.
Package xcolor Info: Model `HSB' substituted by `hsb' on input line 1371.
Package xcolor Info: Model `Gray' substituted by `gray' on input line 1372.
Package xcolor Info: Model `wave' substituted by `hsb' on input line 1373.
) (/Library/Application Support/MiKTeX/texmfs/install/tex/latex/graphics/dvipsnam.def
File: dvipsnam.def 2016/06/17 v3.0m Driver-dependent file (DPC,SPQR)
) (/Library/Application Support/MiKTeX/texmfs/install/tex/latex/tcolorbox/tcolorbox.sty
Package: tcolorbox 2023/09/26 version 6.1.0 text color boxes
 (/Library/Application Support/MiKTeX/texmfs/install/tex/latex/pgf/basiclayer/pgf.sty (/Library/Application Support/MiKTeX/texmfs/install/tex/latex/pgf/utilities/pgfrcs.sty (/Library/Application Support/MiKTeX/texmfs/install/tex/generic/pgf/utilities/pgfutil-common.tex
\pgfutil@everybye=\toks37
\pgfutil@tempdima=\dimen169
\pgfutil@tempdimb=\dimen170
) (/Library/Application Support/MiKTeX/texmfs/install/tex/generic/pgf/utilities/pgfutil-latex.def
\pgfutil@abb=\box55
) (/Library/Application Support/MiKTeX/texmfs/install/tex/generic/pgf/utilities/pgfrcs.code.tex (/Library/Application Support/MiKTeX/texmfs/install/tex/generic/pgf/pgf.revision.tex)
Package: pgfrcs 2023-01-15 v3.1.10 (3.1.10)
))
Package: pgf 2023-01-15 v3.1.10 (3.1.10)
 (/Library/Application Support/MiKTeX/texmfs/install/tex/latex/pgf/basiclayer/pgfcore.sty (/Library/Application Support/MiKTeX/texmfs/install/tex/latex/pgf/systemlayer/pgfsys.sty (/Library/Application Support/MiKTeX/texmfs/install/tex/generic/pgf/systemlayer/pgfsys.code.tex
Package: pgfsys 2023-01-15 v3.1.10 (3.1.10)
 (/Library/Application Support/MiKTeX/texmfs/install/tex/generic/pgf/utilities/pgfkeys.code.tex
\pgfkeys@pathtoks=\toks38
\pgfkeys@temptoks=\toks39
 (/Library/Application Support/MiKTeX/texmfs/install/tex/generic/pgf/utilities/pgfkeyslibraryfiltered.code.tex
\pgfkeys@tmptoks=\toks40
))
\pgf@x=\dimen171
\pgf@y=\dimen172
\pgf@xa=\dimen173
\pgf@ya=\dimen174
\pgf@xb=\dimen175
\pgf@yb=\dimen176
\pgf@xc=\dimen177
\pgf@yc=\dimen178
\pgf@xd=\dimen179
\pgf@yd=\dimen180
\w@pgf@writea=\write3
\r@pgf@reada=\read3
\c@pgf@counta=\count291
\c@pgf@countb=\count292
\c@pgf@countc=\count293
\c@pgf@countd=\count294
\t@pgf@toka=\toks41
\t@pgf@tokb=\toks42
\t@pgf@tokc=\toks43
\pgf@sys@id@count=\count295
 (/Library/Application Support/MiKTeX/texmfs/install/tex/generic/pgf/systemlayer/pgf.cfg
File: pgf.cfg 2023-01-15 v3.1.10 (3.1.10)
)
Driver file for pgf: pgfsys-pdftex.def
 (/Library/Application Support/MiKTeX/texmfs/install/tex/generic/pgf/systemlayer/pgfsys-pdftex.def
File: pgfsys-pdftex.def 2023-01-15 v3.1.10 (3.1.10)
 (/Library/Application Support/MiKTeX/texmfs/install/tex/generic/pgf/systemlayer/pgfsys-common-pdf.def
File: pgfsys-common-pdf.def 2023-01-15 v3.1.10 (3.1.10)
))) (/Library/Application Support/MiKTeX/texmfs/install/tex/generic/pgf/systemlayer/pgfsyssoftpath.code.tex
File: pgfsyssoftpath.code.tex 2023-01-15 v3.1.10 (3.1.10)
\pgfsyssoftpath@smallbuffer@items=\count296
\pgfsyssoftpath@bigbuffer@items=\count297
) (/Library/Application Support/MiKTeX/texmfs/install/tex/generic/pgf/systemlayer/pgfsysprotocol.code.tex
File: pgfsysprotocol.code.tex 2023-01-15 v3.1.10 (3.1.10)
)) (/Library/Application Support/MiKTeX/texmfs/install/tex/generic/pgf/basiclayer/pgfcore.code.tex
Package: pgfcore 2023-01-15 v3.1.10 (3.1.10)
 (/Library/Application Support/MiKTeX/texmfs/install/tex/generic/pgf/math/pgfmath.code.tex (/Library/Application Support/MiKTeX/texmfs/install/tex/generic/pgf/math/pgfmathutil.code.tex) (/Library/Application Support/MiKTeX/texmfs/install/tex/generic/pgf/math/pgfmathparser.code.tex
\pgfmath@dimen=\dimen181
\pgfmath@count=\count298
\pgfmath@box=\box56
\pgfmath@toks=\toks44
\pgfmath@stack@operand=\toks45
\pgfmath@stack@operation=\toks46
) (/Library/Application Support/MiKTeX/texmfs/install/tex/generic/pgf/math/pgfmathfunctions.code.tex) (/Library/Application Support/MiKTeX/texmfs/install/tex/generic/pgf/math/pgfmathfunctions.basic.code.tex) (/Library/Application Support/MiKTeX/texmfs/install/tex/generic/pgf/math/pgfmathfunctions.trigonometric.code.tex) (/Library/Application Support/MiKTeX/texmfs/install/tex/generic/pgf/math/pgfmathfunctions.random.code.tex) (/Library/Application Support/MiKTeX/texmfs/install/tex/generic/pgf/math/pgfmathfunctions.comparison.code.tex) (/Library/Application Support/MiKTeX/texmfs/install/tex/generic/pgf/math/pgfmathfunctions.base.code.tex) (/Library/Application Support/MiKTeX/texmfs/install/tex/generic/pgf/math/pgfmathfunctions.round.code.tex) (/Library/Application Support/MiKTeX/texmfs/install/tex/generic/pgf/math/pgfmathfunctions.misc.code.tex) (/Library/Application Support/MiKTeX/texmfs/install/tex/generic/pgf/math/pgfmathfunctions.integerarithmetics.code.tex) (/Library/Application Support/MiKTeX/texmfs/install/tex/generic/pgf/math/pgfmathcalc.code.tex) (/Library/Application Support/MiKTeX/texmfs/install/tex/generic/pgf/math/pgfmathfloat.code.tex
\c@pgfmathroundto@lastzeros=\count299
)) (/Library/Application Support/MiKTeX/texmfs/install/tex/generic/pgf/math/pgfint.code.tex) (/Library/Application Support/MiKTeX/texmfs/install/tex/generic/pgf/basiclayer/pgfcorepoints.code.tex
File: pgfcorepoints.code.tex 2023-01-15 v3.1.10 (3.1.10)
\pgf@picminx=\dimen182
\pgf@picmaxx=\dimen183
\pgf@picminy=\dimen184
\pgf@picmaxy=\dimen185
\pgf@pathminx=\dimen186
\pgf@pathmaxx=\dimen187
\pgf@pathminy=\dimen188
\pgf@pathmaxy=\dimen189
\pgf@xx=\dimen190
\pgf@xy=\dimen191
\pgf@yx=\dimen192
\pgf@yy=\dimen193
\pgf@zx=\dimen194
\pgf@zy=\dimen195
) (/Library/Application Support/MiKTeX/texmfs/install/tex/generic/pgf/basiclayer/pgfcorepathconstruct.code.tex
File: pgfcorepathconstruct.code.tex 2023-01-15 v3.1.10 (3.1.10)
\pgf@path@lastx=\dimen196
\pgf@path@lasty=\dimen197
) (/Library/Application Support/MiKTeX/texmfs/install/tex/generic/pgf/basiclayer/pgfcorepathusage.code.tex
File: pgfcorepathusage.code.tex 2023-01-15 v3.1.10 (3.1.10)
\pgf@shorten@end@additional=\dimen198
\pgf@shorten@start@additional=\dimen199
) (/Library/Application Support/MiKTeX/texmfs/install/tex/generic/pgf/basiclayer/pgfcorescopes.code.tex
File: pgfcorescopes.code.tex 2023-01-15 v3.1.10 (3.1.10)
\pgfpic=\box57
\pgf@hbox=\box58
\pgf@layerbox@main=\box59
\pgf@picture@serial@count=\count300
) (/Library/Application Support/MiKTeX/texmfs/install/tex/generic/pgf/basiclayer/pgfcoregraphicstate.code.tex
File: pgfcoregraphicstate.code.tex 2023-01-15 v3.1.10 (3.1.10)
\pgflinewidth=\dimen256
) (/Library/Application Support/MiKTeX/texmfs/install/tex/generic/pgf/basiclayer/pgfcoretransformations.code.tex
File: pgfcoretransformations.code.tex 2023-01-15 v3.1.10 (3.1.10)
\pgf@pt@x=\dimen257
\pgf@pt@y=\dimen258
\pgf@pt@temp=\dimen259
) (/Library/Application Support/MiKTeX/texmfs/install/tex/generic/pgf/basiclayer/pgfcorequick.code.tex
File: pgfcorequick.code.tex 2023-01-15 v3.1.10 (3.1.10)
) (/Library/Application Support/MiKTeX/texmfs/install/tex/generic/pgf/basiclayer/pgfcoreobjects.code.tex
File: pgfcoreobjects.code.tex 2023-01-15 v3.1.10 (3.1.10)
) (/Library/Application Support/MiKTeX/texmfs/install/tex/generic/pgf/basiclayer/pgfcorepathprocessing.code.tex
File: pgfcorepathprocessing.code.tex 2023-01-15 v3.1.10 (3.1.10)
) (/Library/Application Support/MiKTeX/texmfs/install/tex/generic/pgf/basiclayer/pgfcorearrows.code.tex
File: pgfcorearrows.code.tex 2023-01-15 v3.1.10 (3.1.10)
\pgfarrowsep=\dimen260
) (/Library/Application Support/MiKTeX/texmfs/install/tex/generic/pgf/basiclayer/pgfcoreshade.code.tex
File: pgfcoreshade.code.tex 2023-01-15 v3.1.10 (3.1.10)
\pgf@max=\dimen261
\pgf@sys@shading@range@num=\count301
\pgf@shadingcount=\count302
) (/Library/Application Support/MiKTeX/texmfs/install/tex/generic/pgf/basiclayer/pgfcoreimage.code.tex
File: pgfcoreimage.code.tex 2023-01-15 v3.1.10 (3.1.10)
) (/Library/Application Support/MiKTeX/texmfs/install/tex/generic/pgf/basiclayer/pgfcoreexternal.code.tex
File: pgfcoreexternal.code.tex 2023-01-15 v3.1.10 (3.1.10)
\pgfexternal@startupbox=\box60
) (/Library/Application Support/MiKTeX/texmfs/install/tex/generic/pgf/basiclayer/pgfcorelayers.code.tex
File: pgfcorelayers.code.tex 2023-01-15 v3.1.10 (3.1.10)
) (/Library/Application Support/MiKTeX/texmfs/install/tex/generic/pgf/basiclayer/pgfcoretransparency.code.tex
File: pgfcoretransparency.code.tex 2023-01-15 v3.1.10 (3.1.10)
) (/Library/Application Support/MiKTeX/texmfs/install/tex/generic/pgf/basiclayer/pgfcorepatterns.code.tex
File: pgfcorepatterns.code.tex 2023-01-15 v3.1.10 (3.1.10)
) (/Library/Application Support/MiKTeX/texmfs/install/tex/generic/pgf/basiclayer/pgfcorerdf.code.tex
File: pgfcorerdf.code.tex 2023-01-15 v3.1.10 (3.1.10)
))) (/Library/Application Support/MiKTeX/texmfs/install/tex/generic/pgf/modules/pgfmoduleshapes.code.tex
File: pgfmoduleshapes.code.tex 2023-01-15 v3.1.10 (3.1.10)
\pgfnodeparttextbox=\box61
) (/Library/Application Support/MiKTeX/texmfs/install/tex/generic/pgf/modules/pgfmoduleplot.code.tex
File: pgfmoduleplot.code.tex 2023-01-15 v3.1.10 (3.1.10)
) (/Library/Application Support/MiKTeX/texmfs/install/tex/latex/pgf/compatibility/pgfcomp-version-0-65.sty
Package: pgfcomp-version-0-65 2023-01-15 v3.1.10 (3.1.10)
\pgf@nodesepstart=\dimen262
\pgf@nodesepend=\dimen263
) (/Library/Application Support/MiKTeX/texmfs/install/tex/latex/pgf/compatibility/pgfcomp-version-1-18.sty
Package: pgfcomp-version-1-18 2023-01-15 v3.1.10 (3.1.10)
)) (/Library/Application Support/MiKTeX/texmfs/install/tex/latex/tools/verbatim.sty
Package: verbatim 2023-11-06 v1.5v LaTeX2e package for verbatim enhancements
\every@verbatim=\toks47
\verbatim@line=\toks48
\verbatim@in@stream=\read4
) (/Library/Application Support/MiKTeX/texmfs/install/tex/latex/environ/environ.sty
Package: environ 2014/05/04 v0.3 A new way to define environments
 (/Library/Application Support/MiKTeX/texmfs/install/tex/latex/trimspaces/trimspaces.sty
Package: trimspaces 2009/09/17 v1.1 Trim spaces around a token list
))
\tcb@titlebox=\box62
\tcb@upperbox=\box63
\tcb@lowerbox=\box64
\tcb@phantombox=\box65
\c@tcbbreakpart=\count303
\c@tcblayer=\count304
\c@tcolorbox@number=\count305
\tcb@temp=\box66
\tcb@temp=\box67
\tcb@temp=\box68
\tcb@temp=\box69
) (/Users/mauro/Library/Application Support/MiKTeX/texmfs/install/tex/latex/mathtools/empheq.sty
Package: empheq 2017/03/31 v2.15 Emphasizing equations
 (/Users/mauro/Library/Application Support/MiKTeX/texmfs/install/tex/latex/mathtools/mhsetup.sty
Package: mhsetup 2021/03/18 v1.4 programming setup (MH)
) (/Users/mauro/Library/Application Support/MiKTeX/texmfs/install/tex/latex/mathtools/mathtools.sty
Package: mathtools 2022/06/29 v1.29 mathematical typesetting tools
 (/Library/Application Support/MiKTeX/texmfs/install/tex/latex/tools/calc.sty
Package: calc 2023/07/08 v4.3 Infix arithmetic (KKT,FJ)
\calc@Acount=\count306
\calc@Bcount=\count307
\calc@Adimen=\dimen264
\calc@Bdimen=\dimen265
\calc@Askip=\skip58
\calc@Bskip=\skip59
LaTeX Info: Redefining \setlength on input line 80.
LaTeX Info: Redefining \addtolength on input line 81.
\calc@Ccount=\count308
\calc@Cskip=\skip60
)
\g_MT_multlinerow_int=\count309
\l_MT_multwidth_dim=\dimen266
\origjot=\skip61
\l_MT_shortvdotswithinadjustabove_dim=\dimen267
\l_MT_shortvdotswithinadjustbelow_dim=\dimen268
\l_MT_above_intertext_sep=\dimen269
\l_MT_below_intertext_sep=\dimen270
\l_MT_above_shortintertext_sep=\dimen271
\l_MT_below_shortintertext_sep=\dimen272
\xmathstrut@box=\box70
\xmathstrut@dim=\dimen273
)
\l_EQ_equationtype_int=\count310
\l_EQ_alignmentmode_int=\count311
\l_EQ_totalwidth_dim=\dimen274
\l_EQ_displaywidth_dim=\dimen275
\l_EQ_temp_linewidth_dim=\dimen276
\l_EQ_linewidth_dim=\dimen277
\EmphEqdelimitershortfall=\dimen278
\EmphEqdelimiterfactor=\count312
\g_EQ_toptag_height_dim=\dimen279
\g_EQ_bottomtag_depth_dim=\dimen280
\g_EQ_toprow_height_dim=\dimen281
\g_EQ_bottomrow_depth_dim=\dimen282
\g_EQ_widesttag_dim=\dimen283
\EQ_mathdisplay_box=\box71
\EQ_tag_box=\box72
\g_EQ_temprow_int=\count313
) (/Users/mauro/Library/Application Support/MiKTeX/texmfs/install/tex/generic/witharrows/witharrows.sty (/Library/Application Support/MiKTeX/texmfs/install/tex/latex/pgf/frontendlayer/tikz.sty (/Library/Application Support/MiKTeX/texmfs/install/tex/latex/pgf/utilities/pgffor.sty (/Library/Application Support/MiKTeX/texmfs/install/tex/latex/pgf/utilities/pgfkeys.sty (/Library/Application Support/MiKTeX/texmfs/install/tex/generic/pgf/utilities/pgfkeys.code.tex)) (/Library/Application Support/MiKTeX/texmfs/install/tex/latex/pgf/math/pgfmath.sty (/Library/Application Support/MiKTeX/texmfs/install/tex/generic/pgf/math/pgfmath.code.tex)) (/Library/Application Support/MiKTeX/texmfs/install/tex/generic/pgf/utilities/pgffor.code.tex
Package: pgffor 2023-01-15 v3.1.10 (3.1.10)
\pgffor@iter=\dimen284
\pgffor@skip=\dimen285
\pgffor@stack=\toks49
\pgffor@toks=\toks50
)) (/Library/Application Support/MiKTeX/texmfs/install/tex/generic/pgf/frontendlayer/tikz/tikz.code.tex
Package: tikz 2023-01-15 v3.1.10 (3.1.10)
 (/Library/Application Support/MiKTeX/texmfs/install/tex/generic/pgf/libraries/pgflibraryplothandlers.code.tex
File: pgflibraryplothandlers.code.tex 2023-01-15 v3.1.10 (3.1.10)
\pgf@plot@mark@count=\count314
\pgfplotmarksize=\dimen286
)
\tikz@lastx=\dimen287
\tikz@lasty=\dimen288
\tikz@lastxsaved=\dimen289
\tikz@lastysaved=\dimen290
\tikz@lastmovetox=\dimen291
\tikz@lastmovetoy=\dimen292
\tikzleveldistance=\dimen293
\tikzsiblingdistance=\dimen294
\tikz@figbox=\box73
\tikz@figbox@bg=\box74
\tikz@tempbox=\box75
\tikz@tempbox@bg=\box76
\tikztreelevel=\count315
\tikznumberofchildren=\count316
\tikznumberofcurrentchild=\count317
\tikz@fig@count=\count318
 (/Library/Application Support/MiKTeX/texmfs/install/tex/generic/pgf/modules/pgfmodulematrix.code.tex
File: pgfmodulematrix.code.tex 2023-01-15 v3.1.10 (3.1.10)
\pgfmatrixcurrentrow=\count319
\pgfmatrixcurrentcolumn=\count320
\pgf@matrix@numberofcolumns=\count321
)
\tikz@expandcount=\count322
 (/Library/Application Support/MiKTeX/texmfs/install/tex/generic/pgf/frontendlayer/tikz/libraries/tikzlibrarytopaths.code.tex
File: tikzlibrarytopaths.code.tex 2023-01-15 v3.1.10 (3.1.10)
))) (/Library/Application Support/MiKTeX/texmfs/install/tex/generic/pgf/libraries/pgflibraryarrows.meta.code.tex
File: pgflibraryarrows.meta.code.tex 2023-01-15 v3.1.10 (3.1.10)
\pgfarrowinset=\dimen295
\pgfarrowlength=\dimen296
\pgfarrowwidth=\dimen297
\pgfarrowlinewidth=\dimen298
) (/Library/Application Support/MiKTeX/texmfs/install/tex/generic/pgf/modules/pgfmodulebending.code.tex
File: pgfmodulebending.code.tex 2023-01-15 v3.1.10 (3.1.10)
 (/Library/Application Support/MiKTeX/texmfs/install/tex/generic/pgf/modules/pgfmodulenonlineartransformations.code.tex
File: pgfmodulenonlineartransformations.code.tex 2023-01-15 v3.1.10 (3.1.10)
\pgftransformnonlinearflatness=\dimen299
) (/Library/Application Support/MiKTeX/texmfs/install/tex/generic/pgf/libraries/pgflibrarycurvilinear.code.tex
File: pgflibrarycurvilinear.code.tex 2023-01-15 v3.1.10 (3.1.10)
\pgf@curvilinear@time@a=\dimen300
\pgf@curvilinear@length@a=\dimen301
\pgf@curvilinear@length@b=\dimen302
\pgf@curvilinear@length@c=\dimen303
\pgf@curvilinear@length@d=\dimen304
)
\pgf@arrows@the@rigidity=\dimen305
) (/Library/Application Support/MiKTeX/texmfs/install/tex/latex/l3packages/l3keys2e/l3keys2e.sty (/Library/Application Support/MiKTeX/texmfs/install/tex/latex/l3kernel/expl3.sty
Package: expl3 2023-11-09 L3 programming layer (loader) 
 (/Library/Application Support/MiKTeX/texmfs/install/tex/latex/l3backend/l3backend-pdftex.def
File: l3backend-pdftex.def 2023-11-09 L3 backend support: PDF output (pdfTeX)
\l__color_backend_stack_int=\count323
\l__pdf_internal_box=\box77
))
Package: l3keys2e 2023-10-10 LaTeX2e option processing using LaTeX3 keys
)
Package: witharrows 2023/08/24 v2.8b Draws arrows for explanations on the right
 (/Users/mauro/Library/Application Support/MiKTeX/texmfs/install/tex/latex/varwidth/varwidth.sty
Package: varwidth 2009/03/30 ver 0.92;  Variable-width minipages
\@vwid@box=\box78
\sift@deathcycles=\count324
\@vwid@loff=\dimen306
\@vwid@roff=\dimen307
)
\g__witharrows_last_env_int=\count325
\l__witharrows_pos_env_int=\count326
\l__witharrows_pos_arrow_int=\count327
\g__witharrows_arrow_int=\count328
\g__witharrows_line_int=\count329
\g__witharrows_col_int=\count330
\g__witharrows_static_col_int=\count331
\l__witharrows_nb_cols_int=\count332
\l__witharrows_arrow_width_dim=\dimen308
\l__witharrows_up_and_down_radius_dim=\dimen309
\l__witharrows_xoffset_for_o_arrows_dim=\dimen310
\l__witharrows_max_length_of_arrow_dim=\dimen311
\l__witharrows_ygap_dim=\dimen312
\l__witharrows_ystart_dim=\dimen313
\l__witharrows_xoffset_dim=\dimen314
\l__witharrows_interline_skip=\skip62
\l__witharrows_start_adjust_dim=\dimen315
\l__witharrows_end_adjust_dim=\dimen316
\l__witharrows_mathindent_skip=\skip63
) (Lecture_25.aux)
\openout1 = `Lecture_25.aux'.

LaTeX Font Info:    Checking defaults for OML/cmm/m/it on input line 22.
LaTeX Font Info:    ... okay on input line 22.
LaTeX Font Info:    Checking defaults for OMS/cmsy/m/n on input line 22.
LaTeX Font Info:    ... okay on input line 22.
LaTeX Font Info:    Checking defaults for OT1/cmr/m/n on input line 22.
LaTeX Font Info:    ... okay on input line 22.
LaTeX Font Info:    Checking defaults for T1/cmr/m/n on input line 22.
LaTeX Font Info:    ... okay on input line 22.
LaTeX Font Info:    Checking defaults for TS1/cmr/m/n on input line 22.
LaTeX Font Info:    ... okay on input line 22.
LaTeX Font Info:    Checking defaults for OMX/cmex/m/n on input line 22.
LaTeX Font Info:    ... okay on input line 22.
LaTeX Font Info:    Checking defaults for U/cmr/m/n on input line 22.
LaTeX Font Info:    ... okay on input line 22.
LaTeX Font Info:    Checking defaults for PD1/pdf/m/n on input line 22.
LaTeX Font Info:    ... okay on input line 22.
LaTeX Font Info:    Checking defaults for PU/pdf/m/n on input line 22.
LaTeX Font Info:    ... okay on input line 22.
 (/Library/Application Support/MiKTeX/texmfs/install/tex/context/base/mkii/supp-pdf.mkii
[Loading MPS to PDF converter (version 2006.09.02).]
\scratchcounter=\count333
\scratchdimen=\dimen317
\scratchbox=\box79
\nofMPsegments=\count334
\nofMParguments=\count335
\everyMPshowfont=\toks51
\MPscratchCnt=\count336
\MPscratchDim=\dimen318
\MPnumerator=\count337
\makeMPintoPDFobject=\count338
\everyMPtoPDFconversion=\toks52
) (/Library/Application Support/MiKTeX/texmfs/install/tex/latex/epstopdf-pkg/epstopdf-base.sty
Package: epstopdf-base 2020-01-24 v2.11 Base part for package epstopdf
Package epstopdf-base Info: Redefining graphics rule for `.eps' on input line 485.
 (/Library/Application Support/MiKTeX/texmfs/install/tex/latex/00miktex/epstopdf-sys.cfg
File: epstopdf-sys.cfg 2021/03/18 v2.0 Configuration of epstopdf for MiKTeX
))
*geometry* driver: auto-detecting
*geometry* detected driver: pdftex
*geometry* verbose mode - [ preamble ] result:
* driver: pdftex
* paper: <default>
* layout: <same size as paper>
* layoutoffset:(h,v)=(0.0pt,0.0pt)
* modes: 
* h-part:(L,W,R)=(92.14519pt, 430.00462pt, 92.14519pt)
* v-part:(T,H,B)=(95.39737pt, 556.47656pt, 143.09605pt)
* \paperwidth=614.295pt
* \paperheight=794.96999pt
* \textwidth=430.00462pt
* \textheight=556.47656pt
* \oddsidemargin=19.8752pt
* \evensidemargin=19.8752pt
* \topmargin=-13.87262pt
* \headheight=12.0pt
* \headsep=25.0pt
* \topskip=10.0pt
* \footskip=30.0pt
* \marginparwidth=65.0pt
* \marginparsep=11.0pt
* \columnsep=10.0pt
* \skip\footins=9.0pt plus 4.0pt minus 2.0pt
* \hoffset=0.0pt
* \voffset=0.0pt
* \mag=1000
* \@twocolumnfalse
* \@twosidefalse
* \@mparswitchfalse
* \@reversemarginfalse
* (1in=72.27pt=25.4mm, 1cm=28.453pt)

Package hyperref Info: Link coloring ON on input line 22.
(Lecture_25.out) (Lecture_25.out)
\@outlinefile=\write4
\openout4 = `Lecture_25.out'.

LaTeX Font Info:    Trying to load font information for U+msa on input line 24.
 (/Library/Application Support/MiKTeX/texmfs/install/tex/latex/amsfonts/umsa.fd
File: umsa.fd 2013/01/14 v3.01 AMS symbols A
)
LaTeX Font Info:    Trying to load font information for U+msb on input line 24.
 (/Library/Application Support/MiKTeX/texmfs/install/tex/latex/amsfonts/umsb.fd
File: umsb.fd 2013/01/14 v3.01 AMS symbols B
)
<Wedges Examples.png, id=12, 957.5775pt x 364.36125pt>
File: Wedges Examples.png Graphic file (type png)
<use Wedges Examples.png>
Package pdftex.def Info: Wedges Examples.png  used on input line 48.
(pdftex.def)             Requested size: 430.00462pt x 163.61633pt.
 [1

{/Users/mauro/Library/Application Support/MiKTeX/texmfs/data/fonts/map/pdftex/pdftex.map}]
Underfull \hbox (badness 10000) in paragraph at lines 67--68

 []

[2 <./Wedges Examples.png>]
Overfull \hbox (65.29947pt too wide) detected at line 108
[]
 []

[3] (Lecture_25.aux)
 ***********
LaTeX2e <2023-11-01>
L3 programming layer <2023-11-09>
 ***********
Package rerunfilecheck Info: File `Lecture_25.out' has not changed.
(rerunfilecheck)             Checksum: 51174D429395EC2B1AB3FCE0339A4CB8;251.
 ) 
Here is how much of TeX's memory you used:
 26431 strings out of 476521
 529745 string characters out of 5795522
 1942555 words of memory out of 5000000
 47901 multiletter control sequences out of 15000+600000
 565317 words of font info for 65 fonts, out of 8000000 for 9000
 0 hyphenation exceptions out of 8191
 83i,9n,93p,655b,474s stack positions out of 10000i,1000n,20000p,200000b,200000s
</Library/Application Support/MiKTeX/texmfs/install/fonts/type1/public/amsfonts/cm/cmbx12.pfb></Library/Application Support/MiKTeX/texmfs/install/fonts/type1/public/amsfonts/cm/cmex10.pfb></Library/Application Support/MiKTeX/texmfs/install/fonts/type1/public/amsfonts/cm/cmmi10.pfb></Library/Application Support/MiKTeX/texmfs/install/fonts/type1/public/amsfonts/cm/cmmi5.pfb></Library/Application Support/MiKTeX/texmfs/install/fonts/type1/public/amsfonts/cm/cmmi6.pfb></Library/Application Support/MiKTeX/texmfs/install/fonts/type1/public/amsfonts/cm/cmmi7.pfb></Library/Application Support/MiKTeX/texmfs/install/fonts/type1/public/amsfonts/cm/cmmi8.pfb></Library/Application Support/MiKTeX/texmfs/install/fonts/type1/public/amsfonts/cm/cmr10.pfb></Library/Application Support/MiKTeX/texmfs/install/fonts/type1/public/amsfonts/cm/cmr12.pfb></Library/Application Support/MiKTeX/texmfs/install/fonts/type1/public/amsfonts/cm/cmr17.pfb></Library/Application Support/MiKTeX/texmfs/install/fonts/type1/public/amsfonts/cm/cmr5.pfb></Library/Application Support/MiKTeX/texmfs/install/fonts/type1/public/amsfonts/cm/cmr6.pfb></Library/Application Support/MiKTeX/texmfs/install/fonts/type1/public/amsfonts/cm/cmr7.pfb></Library/Application Support/MiKTeX/texmfs/install/fonts/type1/public/amsfonts/cm/cmr8.pfb></Library/Application Support/MiKTeX/texmfs/install/fonts/type1/public/amsfonts/cm/cmsy10.pfb></Library/Application Support/MiKTeX/texmfs/install/fonts/type1/public/amsfonts/cm/cmsy7.pfb>
Output written on Lecture_25.pdf (3 pages, 435757 bytes).
PDF statistics:
 125 PDF objects out of 1000 (max. 8388607)
 15 named destinations out of 1000 (max. 500000)
 26 words of extra memory for PDF output out of 10000 (max. 10000000)

